<?xml version="1.0" encoding="UTF-8"?>
<!-- Generated by org.testng.reporters.JUnitReportReporter -->
<testsuite hostname="Tanmoys-Mac-mini.local" name="YoutubeTest.MainPage" tests="1" failures="0" timestamp="29 Jun 2016 08:05:38 GMT" time="0.017" errors="0">
  <testcase name="utest" time="0.017" classname="YoutubeTest.MainPage"/>
</testsuite> <!-- YoutubeTest.MainPage -->
